Config file config/config.yaml is extended by additional config specified via the command line.
Building DAG of jobs...
Using 779792627677.dkr.ecr.us-west-2.amazonaws.com/mindera-mlops-prod-snakemake:0.4 for Kubernetes jobs.
Using shell: /bin/bash
Provided cloud nodes: 8
Job stats:
job       count    min threads    max threads
------  -------  -------------  -------------
all           1              1              1
concat        1              1              1
plot          1              1              1
total         3              1              1

Select jobs to execute...

[Wed Feb 15 10:27:09 2023]
rule concat:
    input: mindera-mlops-prod-bucket/temp/wc_A.txt, mindera-mlops-prod-bucket/temp/wc_B.txt, mindera-mlops-prod-bucket/temp/wc_C.txt
    output: mindera-mlops-prod-bucket/temp/wc_all.csv
    jobid: 2
    reason: Set of input files has changed since last execution; Code has changed since last execution
    resources: tmpdir=<TBD>

Get status with:
kubectl describe pod snakejob-8b56ffbd-c930-5561-b650-fdf18068552c
kubectl logs snakejob-8b56ffbd-c930-5561-b650-fdf18068552c
[Wed Feb 15 10:27:17 2023]
Error in rule concat:
    message: For details, please issue:
kubectl describe pod snakejob-8b56ffbd-c930-5561-b650-fdf18068552c
kubectl logs snakejob-8b56ffbd-c930-5561-b650-fdf18068552c
    jobid: 2
    input: mindera-mlops-prod-bucket/temp/wc_A.txt, mindera-mlops-prod-bucket/temp/wc_B.txt, mindera-mlops-prod-bucket/temp/wc_C.txt
    output: mindera-mlops-prod-bucket/temp/wc_all.csv
    jobid: snakejob-8b56ffbd-c930-5561-b650-fdf18068552c

Removing output files of failed job concat since they might be corrupted:
mindera-mlops-prod-bucket/temp/wc_all.csv
Shutting down, this might take some time.
Exiting because a job execution failed. Look above for error message
Complete log: .snakemake/log/2023-02-15T102703.833331.snakemake.log
