Config file config/config.yaml is extended by additional config specified via the command line.
Building DAG of jobs...
Using 779792627677.dkr.ecr.us-west-2.amazonaws.com/mindera-mlops-prod-snakemake:0.4 for Kubernetes jobs.
Using shell: /bin/bash
Provided cloud nodes: 8
Job stats:
job      count    min threads    max threads
-----  -------  -------------  -------------
all          1              1              1
plot         1              1              1
total        2              1              1

Select jobs to execute...
[Wed Feb 15 10:54:15 2023]

group job one (jobs in lexicogr. order):

    [Wed Feb 15 10:54:15 2023]
    rule plot:
        input: mindera-mlops-prod-bucket/temp/wc_all.csv
        output: mindera-mlops-prod-bucket/output_folders/TestProject/workflow3/AN10001/wc_all.png
        jobid: 1
        reason: Missing output files: mindera-mlops-prod-bucket/output_folders/TestProject/workflow3/AN10001/wc_all.png
        resources: tmpdir=<TBD>

Get status with:
kubectl describe pod snakejob-f7c4a379-a32c-501d-95a1-d8e8a39bdfec
kubectl logs snakejob-f7c4a379-a32c-501d-95a1-d8e8a39bdfec
[Wed Feb 15 10:55:56 2023]
Finished job 1.
1 of 2 steps (50%) done
Select jobs to execute...

[Wed Feb 15 10:55:56 2023]
localrule all:
    input: mindera-mlops-prod-bucket/output_folders/TestProject/workflow3/AN10001/wc_all.png
    jobid: 0
    reason: Input files updated by another job: mindera-mlops-prod-bucket/output_folders/TestProject/workflow3/AN10001/wc_all.png
    resources: tmpdir=/var/folders/tl/4x52f3y15c3_vmk1kj28_hgw0000gn/T

Downloading from remote: mindera-mlops-prod-bucket/output_folders/TestProject/workflow3/AN10001/wc_all.png
Finished download.
[Wed Feb 15 10:55:58 2023]
Finished job 0.
2 of 2 steps (100%) done
Complete log: .snakemake/log/2023-02-15T105409.125570.snakemake.log
