Config file config/config.yaml is extended by additional config specified via the command line.
Building DAG of jobs...
Using 779792627677.dkr.ecr.us-west-2.amazonaws.com/mindera-mlops-prod-snakemake:0.6 for Kubernetes jobs.
Using shell: /bin/bash
Provided cloud nodes: 8
Job stats:
job      count    min threads    max threads
-----  -------  -------------  -------------
all          1              1              1
plot         1              1              1
total        2              1              1

Select jobs to execute...

[Wed Feb 15 10:02:41 2023]
rule plot:
    input: mindera-mlops-prod-bucket/temp/wc_all.csv
    output: mindera-mlops-prod-bucket/output_folders/TestProject/workflow3/rnaseq_data/outputs/test/wc_all.png
    jobid: 1
    reason: Missing output files: mindera-mlops-prod-bucket/output_folders/TestProject/workflow3/rnaseq_data/outputs/test/wc_all.png
    resources: tmpdir=<TBD>

Get status with:
kubectl describe pod snakejob-89eb9420-6f1c-58b7-be20-e7c69606cbb1
kubectl logs snakejob-89eb9420-6f1c-58b7-be20-e7c69606cbb1
[Wed Feb 15 10:02:50 2023]
Error in rule plot:
    message: For details, please issue:
kubectl describe pod snakejob-89eb9420-6f1c-58b7-be20-e7c69606cbb1
kubectl logs snakejob-89eb9420-6f1c-58b7-be20-e7c69606cbb1
    jobid: 1
    input: mindera-mlops-prod-bucket/temp/wc_all.csv
    output: mindera-mlops-prod-bucket/output_folders/TestProject/workflow3/rnaseq_data/outputs/test/wc_all.png
    jobid: snakejob-89eb9420-6f1c-58b7-be20-e7c69606cbb1

Shutting down, this might take some time.
Exiting because a job execution failed. Look above for error message
Complete log: .snakemake/log/2023-02-15T100236.819319.snakemake.log
